This file contains any messages produced by compilers while
running configure, to aid debugging if configure makes a mistake.

It was created by openocd configure 0.11.0+dev, which was
generated by GNU Autoconf 2.71.  Invocation command line was

  $ ./configure CFLAGS=-Wno-error --enable-wlink

## --------- ##
## Platform. ##
## --------- ##

hostname = iMac-2.local
uname -m = x86_64
uname -r = 20.2.0
uname -s = Darwin
uname -v = Darwin Kernel Version 20.2.0: Wed Dec  2 20:39:59 PST 2020; root:xnu-7195.60.75~1/RELEASE_X86_64

/usr/bin/uname -p = i386
/bin/uname -X     = unknown

/bin/arch              = unknown
/usr/bin/arch -k       = unknown
/usr/convex/getsysinfo = unknown
/usr/bin/hostinfo      = Mach kernel version:
	 Darwin Kernel Version 20.2.0: Wed Dec  2 20:39:59 PST 2020; root:xnu-7195.60.75~1/RELEASE_X86_64
Kernel configured for up to 8 processors.
4 processors are physically available.
8 processors are logically available.
Processor type: i486 (Intel 80486)
Processors active: 0 1 2 3 4 5 6 7
Primary memory available: 16.00 gigabytes
Default processor set: 444 tasks, 1885 threads, 8 processors
Load average: 2.02, Mach factor: 5.96
/bin/machine           = unknown
/usr/bin/oslevel       = unknown
/bin/universe          = unknown

PATH: /Users/neuberfran/GCP2/google-cloud-sdk/bin/
PATH: /Users/neuberfran/anaconda3/bin/
PATH: /Users/neuberfran/anaconda3/condabin/
PATH: /Users/neuberfran/Documents/flutter/bin/
PATH: /var/root/tools/apache-maven-3.6.3/bin/
PATH: /Users/neuberfran/Library/Developer/android-sdk-macosx/tools/
PATH: /Users/neuberfran/Library/Developer/android-sdk-macosx/platform-tools/
PATH: /usr/local/bin/
PATH: /usr/bin/
PATH: /bin/
PATH: /usr/sbin/
PATH: /sbin/
PATH: ~/Desktop/
PATH: /Library/Frameworks/Mono.framework/Versions/Current/Commands/


## ----------- ##
## Core tests. ##
## ----------- ##

configure:2825: looking for aux files: config.guess config.sub ltmain.sh compile missing install-sh
configure:2838:  trying ./build-aux/
configure:2867:   ./build-aux/config.guess found
configure:2867:   ./build-aux/config.sub found
configure:2867:   ./build-aux/ltmain.sh found
configure:2867:   ./build-aux/compile found
configure:2867:   ./build-aux/missing found
configure:2849:   ./build-aux/install-sh found
configure:2986: checking for makeinfo
configure:3007: found /usr/bin/makeinfo
configure:3018: result: makeinfo
configure:3054: checking for a BSD-compatible install
configure:3127: result: /usr/bin/install -c
configure:3138: checking whether build environment is sane
configure:3193: result: yes
configure:3352: checking for a race-free mkdir -p
configure:3396: result: ./build-aux/install-sh -c -d
configure:3403: checking for gawk
configure:3424: found /usr/local/bin/gawk
configure:3435: result: gawk
configure:3446: checking whether make sets $(MAKE)
configure:3469: result: yes
configure:3499: checking whether make supports nested variables
configure:3517: result: yes
configure:3725: checking for gcc
configure:3746: found /usr/bin/gcc
configure:3757: result: gcc
configure:4110: checking for C compiler version
configure:4119: gcc --version >&5
Apple clang version 12.0.5 (clang-1205.0.22.11)
Target: x86_64-apple-darwin20.2.0
Thread model: posix
InstalledDir: /Library/Developer/CommandLineTools/usr/bin
Configured with: --prefix=/Library/Developer/CommandLineTools/usr --with-gxx-include-dir=/Library/Developer/CommandLineTools/SDKs/MacOSX11.1.sdk/usr/include/c++/4.2.1
configure:4130: $? = 0
configure:4119: gcc -v >&5
Configured with: --prefix=/Library/Developer/CommandLineTools/usr --with-gxx-include-dir=/Library/Developer/CommandLineTools/SDKs/MacOSX11.1.sdk/usr/include/c++/4.2.1
Apple clang version 12.0.5 (clang-1205.0.22.11)
Target: x86_64-apple-darwin20.2.0
Thread model: posix
InstalledDir: /Library/Developer/CommandLineTools/usr/bin
configure:4130: $? = 0
configure:4119: gcc -V >&5
clang: error: argument to '-V' is missing (expected 1 value)
clang: error: no input files
configure:4130: $? = 1
configure:4119: gcc -qversion >&5
clang: error: unknown argument '-qversion'; did you mean '--version'?
clang: error: no input files
configure:4130: $? = 1
configure:4119: gcc -version >&5
clang: error: unknown argument '-version'; did you mean '--version'?
clang: error: no input files
configure:4130: $? = 1
configure:4150: checking whether the C compiler works
configure:4172: gcc -Wno-error   conftest.c  >&5
configure:4176: $? = 0
configure:4226: result: yes
configure:4229: checking for C compiler default output file name
configure:4231: result: a.out
configure:4237: checking for suffix of executables
configure:4244: gcc -o conftest -Wno-error   conftest.c  >&5
configure:4248: $? = 0
configure:4271: result: 
configure:4293: checking whether we are cross compiling
configure:4301: gcc -o conftest -Wno-error   conftest.c  >&5
configure:4305: $? = 0
configure:4312: ./conftest
configure:4316: $? = 0
configure:4331: result: no
configure:4336: checking for suffix of object files
configure:4359: gcc -c -Wno-error  conftest.c >&5
configure:4363: $? = 0
configure:4385: result: o
configure:4389: checking whether the compiler supports GNU C
configure:4409: gcc -c -Wno-error  conftest.c >&5
configure:4409: $? = 0
configure:4419: result: yes
configure:4430: checking whether gcc accepts -g
configure:4451: gcc -c -g  conftest.c >&5
configure:4451: $? = 0
configure:4495: result: yes
configure:4515: checking for gcc option to enable C11 features
configure:4530: gcc  -c -Wno-error  conftest.c >&5
configure:4530: $? = 0
configure:4548: result: none needed
configure:4664: checking whether gcc understands -c and -o together
configure:4687: gcc -c conftest.c -o conftest2.o
configure:4690: $? = 0
configure:4687: gcc -c conftest.c -o conftest2.o
configure:4690: $? = 0
configure:4702: result: yes
configure:4722: checking whether make supports the include directive
configure:4737: make -f confmf.GNU && cat confinc.out
this is the am__doit target
configure:4740: $? = 0
configure:4759: result: yes (GNU style)
configure:4785: checking dependency style of gcc
configure:4897: result: gcc3
configure:4963: checking for ranlib
configure:4984: found /usr/bin/ranlib
configure:4995: result: ranlib
configure:5076: checking for pkg-config
configure:5099: found /usr/local/bin/pkg-config
configure:5111: result: /usr/local/bin/pkg-config
configure:5136: checking pkg-config is at least version 0.23
configure:5139: result: yes
configure:5215: checking build system type
configure:5230: result: x86_64-apple-darwin20.2.0
configure:5250: checking host system type
configure:5264: result: x86_64-apple-darwin20.2.0
configure:5305: checking how to print strings
configure:5332: result: printf
configure:5353: checking for a sed that does not truncate output
configure:5423: result: /usr/local/bin/gsed
configure:5441: checking for grep that handles long lines and -e
configure:5505: result: /usr/bin/grep
configure:5510: checking for egrep
configure:5578: result: /usr/bin/grep -E
configure:5583: checking for fgrep
configure:5651: result: /usr/bin/grep -F
configure:5687: checking for ld used by gcc
configure:5755: result: /Library/Developer/CommandLineTools/usr/bin/ld
configure:5762: checking if the linker (/Library/Developer/CommandLineTools/usr/bin/ld) is GNU ld
configure:5778: result: no
configure:5790: checking for BSD- or MS-compatible name lister (nm)
configure:5845: result: /usr/bin/nm -B
configure:5985: checking the name lister (/usr/bin/nm -B) interface
configure:5993: gcc -c -Wno-error  conftest.c >&5
configure:5996: /usr/bin/nm -B "conftest.o"
configure:5999: output
0000000000000000 S _some_variable
configure:6006: result: BSD nm
configure:6009: checking whether ln -s works
configure:6013: result: yes
configure:6021: checking the maximum length of command line arguments
configure:6153: result: 786432
configure:6201: checking how to convert x86_64-apple-darwin20.2.0 file names to x86_64-apple-darwin20.2.0 format
configure:6242: result: func_convert_file_noop
configure:6249: checking how to convert x86_64-apple-darwin20.2.0 file names to toolchain format
configure:6270: result: func_convert_file_noop
configure:6277: checking for /Library/Developer/CommandLineTools/usr/bin/ld option to reload object files
configure:6285: result: -r
configure:6364: checking for file
configure:6385: found /usr/bin/file
configure:6396: result: file
configure:6472: checking for objdump
configure:6493: found /usr/bin/objdump
configure:6504: result: objdump
configure:6536: checking how to recognize dependent libraries
configure:6737: result: pass_all
configure:6827: checking for dlltool
configure:6862: result: no
configure:6892: checking how to associate runtime and link libraries
configure:6920: result: printf %s\n
configure:6986: checking for ar
configure:7007: found /usr/bin/ar
configure:7018: result: ar
configure:7071: checking for archiver @FILE support
configure:7089: gcc -c -Wno-error  conftest.c >&5
configure:7089: $? = 0
configure:7093: ar cr libconftest.a @conftest.lst >&5
ar: @conftest.lst: No such file or directory
configure:7096: $? = 1
configure:7116: result: no
configure:7179: checking for strip
configure:7200: found /usr/bin/strip
configure:7211: result: strip
configure:7288: checking for ranlib
configure:7320: result: ranlib
configure:7422: checking command to parse /usr/bin/nm -B output from gcc object
configure:7576: gcc -c -Wno-error  conftest.c >&5
configure:7579: $? = 0
configure:7583: /usr/bin/nm -B conftest.o \| /usr/local/bin/gsed -n -e 's/^.*[ ]\([BCDEGRST][BCDEGRST]*\)[ ][ ]*\([_A-Za-z][_A-Za-z0-9]*\)$/\1 \2 \2/p' | /usr/local/bin/gsed '/ __gnu_lto/d' \> conftest.nm
configure:7586: $? = 0
cannot find nm_test_var in conftest.nm
configure:7576: gcc -c -Wno-error  conftest.c >&5
configure:7579: $? = 0
configure:7583: /usr/bin/nm -B conftest.o \| /usr/local/bin/gsed -n -e 's/^.*[ ]\([BCDEGRST][BCDEGRST]*\)[ ][ ]*_\([_A-Za-z][_A-Za-z0-9]*\)$/\1 _\2 \2/p' | /usr/local/bin/gsed '/ __gnu_lto/d' \> conftest.nm
configure:7586: $? = 0
configure:7652: gcc -o conftest -Wno-error   conftest.c conftstm.o >&5
configure:7655: $? = 0
configure:7693: result: ok
configure:7740: checking for sysroot
configure:7771: result: no
configure:7778: checking for a working dd
configure:7822: result: /bin/dd
configure:7826: checking how to truncate binary pipes
configure:7842: result: /bin/dd bs=4096 count=1
configure:8179: checking for mt
configure:8214: result: no
configure:8234: checking if : is a manifest tool
configure:8241: : '-?'
configure:8249: result: no
configure:8310: checking for dsymutil
configure:8331: found /usr/bin/dsymutil
configure:8342: result: dsymutil
configure:8412: checking for nmedit
configure:8433: found /usr/bin/nmedit
configure:8444: result: nmedit
configure:8514: checking for lipo
configure:8535: found /usr/bin/lipo
configure:8546: result: lipo
configure:8616: checking for otool
configure:8637: found /usr/bin/otool
configure:8648: result: otool
configure:8718: checking for otool64
configure:8753: result: no
configure:8798: checking for -single_module linker flag
gcc -Wno-error  -o libconftest.dylib -dynamiclib -Wl,-single_module conftest.c
configure:8832: result: yes
configure:8835: checking for -exported_symbols_list linker flag
configure:8856: gcc -o conftest -Wno-error   -Wl,-exported_symbols_list,conftest.sym conftest.c  >&5
configure:8856: $? = 0
configure:8867: result: yes
configure:8870: checking for -force_load linker flag
gcc -Wno-error -c -o conftest.o conftest.c
ar cr libconftest.a conftest.o
ranlib libconftest.a
gcc -Wno-error  -o conftest conftest.c -Wl,-force_load,./libconftest.a
configure:8903: result: yes
configure:8974: checking for stdio.h
configure:8974: gcc -c -Wno-error  conftest.c >&5
configure:8974: $? = 0
configure:8974: result: yes
configure:8974: checking for stdlib.h
configure:8974: gcc -c -Wno-error  conftest.c >&5
configure:8974: $? = 0
configure:8974: result: yes
configure:8974: checking for string.h
configure:8974: gcc -c -Wno-error  conftest.c >&5
configure:8974: $? = 0
configure:8974: result: yes
configure:8974: checking for inttypes.h
configure:8974: gcc -c -Wno-error  conftest.c >&5
configure:8974: $? = 0
configure:8974: result: yes
configure:8974: checking for stdint.h
configure:8974: gcc -c -Wno-error  conftest.c >&5
configure:8974: $? = 0
configure:8974: result: yes
configure:8974: checking for strings.h
configure:8974: gcc -c -Wno-error  conftest.c >&5
configure:8974: $? = 0
configure:8974: result: yes
configure:8974: checking for sys/stat.h
configure:8974: gcc -c -Wno-error  conftest.c >&5
configure:8974: $? = 0
configure:8974: result: yes
configure:8974: checking for sys/types.h
configure:8974: gcc -c -Wno-error  conftest.c >&5
configure:8974: $? = 0
configure:8974: result: yes
configure:8974: checking for unistd.h
configure:8974: gcc -c -Wno-error  conftest.c >&5
configure:8974: $? = 0
configure:8974: result: yes
configure:8999: checking for dlfcn.h
configure:8999: gcc -c -Wno-error  conftest.c >&5
configure:8999: $? = 0
configure:8999: result: yes
configure:9227: checking for objdir
configure:9243: result: .libs
configure:9503: checking if gcc supports -fno-rtti -fno-exceptions
configure:9522: gcc -c -Wno-error  -fno-rtti -fno-exceptions conftest.c >&5
configure:9526: $? = 0
configure:9539: result: yes
configure:9897: checking for gcc option to produce PIC
configure:9905: result: -fno-common -DPIC
configure:9913: checking if gcc PIC flag -fno-common -DPIC works
configure:9932: gcc -c -Wno-error  -fno-common -DPIC -DPIC conftest.c >&5
configure:9936: $? = 0
configure:9949: result: yes
configure:9978: checking if gcc static flag -static works
configure:10007: result: no
configure:10022: checking if gcc supports -c -o file.o
configure:10044: gcc -c -Wno-error  -o out/conftest2.o conftest.c >&5
configure:10048: $? = 0
configure:10070: result: yes
configure:10078: checking if gcc supports -c -o file.o
configure:10126: result: yes
configure:10159: checking whether the gcc linker (/Library/Developer/CommandLineTools/usr/bin/ld) supports shared libraries
configure:11427: result: yes
configure:11668: checking dynamic linker characteristics
configure:12489: result: darwin20.2.0 dyld
configure:12611: checking how to hardcode library paths into programs
configure:12636: result: immediate
configure:13188: checking whether stripping libraries is possible
configure:13205: result: yes
configure:13239: checking if libtool supports shared libraries
configure:13241: result: yes
configure:13244: checking whether to build shared libraries
configure:13269: result: no
configure:13272: checking whether to build static libraries
configure:13276: result: yes
configure:13315: checking for an ANSI C-conforming const
configure:13382: gcc -c -Wno-error  conftest.c >&5
configure:13382: $? = 0
configure:13390: result: yes
configure:13399: checking for unsigned long long int
configure:13441: gcc -o conftest -Wno-error   conftest.c  >&5
configure:13441: $? = 0
configure:13451: result: yes
configure:13461: checking for long long int
configure:13503: gcc -o conftest -Wno-error   conftest.c  >&5
configure:13503: $? = 0
configure:13503: ./conftest
configure:13503: $? = 0
configure:13516: result: yes
configure:13525: checking for library containing ioperm
configure:13555: gcc -o conftest -Wno-error   conftest.c  >&5
Undefined symbols for architecture x86_64:
  "_ioperm", referenced from:
      _main in conftest-e6b813.o
ld: symbol(s) not found for architecture x86_64
clang: error: linker command failed with exit code 1 (use -v to see invocation)
configure:13555: $? = 1
configure: failed program was:
| /* confdefs.h */
| #define PACKAGE_NAME "openocd"
| #define PACKAGE_TARNAME "openocd"
| #define PACKAGE_VERSION "0.11.0+dev"
| #define PACKAGE_STRING "openocd 0.11.0+dev"
| #define PACKAGE_BUGREPORT "OpenOCD Mailing List <openocd-devel@lists.sourceforge.net>"
| #define PACKAGE_URL ""
| #define PACKAGE "openocd"
| #define VERSION "0.11.0+dev"
| #define HAVE_STDIO_H 1
| #define HAVE_STDLIB_H 1
| #define HAVE_STRING_H 1
| #define HAVE_INTTYPES_H 1
| #define HAVE_STDINT_H 1
| #define HAVE_STRINGS_H 1
| #define HAVE_SYS_STAT_H 1
| #define HAVE_SYS_TYPES_H 1
| #define HAVE_UNISTD_H 1
| #define STDC_HEADERS 1
| #define HAVE_DLFCN_H 1
| #define LT_OBJDIR ".libs/"
| #define HAVE_UNSIGNED_LONG_LONG_INT 1
| #define HAVE_LONG_LONG_INT 1
| /* end confdefs.h.  */
| 
| /* Override any GCC internal prototype to avoid an error.
|    Use char because int might match the return type of a GCC
|    builtin and then its argument prototype would still apply.  */
| char ioperm ();
| int
| main (void)
| {
| return ioperm ();
|   ;
|   return 0;
| }
configure:13555: gcc -o conftest -Wno-error   conftest.c -lioperm   >&5
ld: library not found for -lioperm
clang: error: linker command failed with exit code 1 (use -v to see invocation)
configure:13555: $? = 1
configure: failed program was:
| /* confdefs.h */
| #define PACKAGE_NAME "openocd"
| #define PACKAGE_TARNAME "openocd"
| #define PACKAGE_VERSION "0.11.0+dev"
| #define PACKAGE_STRING "openocd 0.11.0+dev"
| #define PACKAGE_BUGREPORT "OpenOCD Mailing List <openocd-devel@lists.sourceforge.net>"
| #define PACKAGE_URL ""
| #define PACKAGE "openocd"
| #define VERSION "0.11.0+dev"
| #define HAVE_STDIO_H 1
| #define HAVE_STDLIB_H 1
| #define HAVE_STRING_H 1
| #define HAVE_INTTYPES_H 1
| #define HAVE_STDINT_H 1
| #define HAVE_STRINGS_H 1
| #define HAVE_SYS_STAT_H 1
| #define HAVE_SYS_TYPES_H 1
| #define HAVE_UNISTD_H 1
| #define STDC_HEADERS 1
| #define HAVE_DLFCN_H 1
| #define LT_OBJDIR ".libs/"
| #define HAVE_UNSIGNED_LONG_LONG_INT 1
| #define HAVE_LONG_LONG_INT 1
| /* end confdefs.h.  */
| 
| /* Override any GCC internal prototype to avoid an error.
|    Use char because int might match the return type of a GCC
|    builtin and then its argument prototype would still apply.  */
| char ioperm ();
| int
| main (void)
| {
| return ioperm ();
|   ;
|   return 0;
| }
configure:13575: result: no
configure:13584: checking for library containing dlopen
configure:13614: gcc -o conftest -Wno-error   conftest.c  >&5
configure:13614: $? = 0
configure:13634: result: none required
configure:13643: checking for library containing openpty
configure:13673: gcc -o conftest -Wno-error   conftest.c  >&5
configure:13673: $? = 0
configure:13693: result: none required
configure:13703: checking for sys/socket.h
configure:13703: gcc -c -Wno-error  conftest.c >&5
configure:13703: $? = 0
configure:13703: result: yes
configure:13710: checking for elf.h
configure:13710: gcc -c -Wno-error  conftest.c >&5
conftest.c:54:10: fatal error: 'elf.h' file not found
#include <elf.h>
         ^~~~~~~
1 error generated.
configure:13710: $? = 1
configure: failed program was:
| /* confdefs.h */
| #define PACKAGE_NAME "openocd"
| #define PACKAGE_TARNAME "openocd"
| #define PACKAGE_VERSION "0.11.0+dev"
| #define PACKAGE_STRING "openocd 0.11.0+dev"
| #define PACKAGE_BUGREPORT "OpenOCD Mailing List <openocd-devel@lists.sourceforge.net>"
| #define PACKAGE_URL ""
| #define PACKAGE "openocd"
| #define VERSION "0.11.0+dev"
| #define HAVE_STDIO_H 1
| #define HAVE_STDLIB_H 1
| #define HAVE_STRING_H 1
| #define HAVE_INTTYPES_H 1
| #define HAVE_STDINT_H 1
| #define HAVE_STRINGS_H 1
| #define HAVE_SYS_STAT_H 1
| #define HAVE_SYS_TYPES_H 1
| #define HAVE_UNISTD_H 1
| #define STDC_HEADERS 1
| #define HAVE_DLFCN_H 1
| #define LT_OBJDIR ".libs/"
| #define HAVE_UNSIGNED_LONG_LONG_INT 1
| #define HAVE_LONG_LONG_INT 1
| #define HAVE_SYS_SOCKET_H 1
| /* end confdefs.h.  */
| #include <stddef.h>
| #ifdef HAVE_STDIO_H
| # include <stdio.h>
| #endif
| #ifdef HAVE_STDLIB_H
| # include <stdlib.h>
| #endif
| #ifdef HAVE_STRING_H
| # include <string.h>
| #endif
| #ifdef HAVE_INTTYPES_H
| # include <inttypes.h>
| #endif
| #ifdef HAVE_STDINT_H
| # include <stdint.h>
| #endif
| #ifdef HAVE_STRINGS_H
| # include <strings.h>
| #endif
| #ifdef HAVE_SYS_TYPES_H
| # include <sys/types.h>
| #endif
| #ifdef HAVE_SYS_STAT_H
| # include <sys/stat.h>
| #endif
| #ifdef HAVE_UNISTD_H
| # include <unistd.h>
| #endif
| #include <elf.h>
configure:13710: result: no
configure:13722: checking how to run the C preprocessor
configure:13748: gcc -E  conftest.c
configure:13748: $? = 0
configure:13763: gcc -E  conftest.c
conftest.c:26:10: fatal error: 'ac_nonexistent.h' file not found
#include <ac_nonexistent.h>
         ^~~~~~~~~~~~~~~~~~
1 error generated.
configure:13763: $? = 1
configure: failed program was:
| /* confdefs.h */
| #define PACKAGE_NAME "openocd"
| #define PACKAGE_TARNAME "openocd"
| #define PACKAGE_VERSION "0.11.0+dev"
| #define PACKAGE_STRING "openocd 0.11.0+dev"
| #define PACKAGE_BUGREPORT "OpenOCD Mailing List <openocd-devel@lists.sourceforge.net>"
| #define PACKAGE_URL ""
| #define PACKAGE "openocd"
| #define VERSION "0.11.0+dev"
| #define HAVE_STDIO_H 1
| #define HAVE_STDLIB_H 1
| #define HAVE_STRING_H 1
| #define HAVE_INTTYPES_H 1
| #define HAVE_STDINT_H 1
| #define HAVE_STRINGS_H 1
| #define HAVE_SYS_STAT_H 1
| #define HAVE_SYS_TYPES_H 1
| #define HAVE_UNISTD_H 1
| #define STDC_HEADERS 1
| #define HAVE_DLFCN_H 1
| #define LT_OBJDIR ".libs/"
| #define HAVE_UNSIGNED_LONG_LONG_INT 1
| #define HAVE_LONG_LONG_INT 1
| #define HAVE_SYS_SOCKET_H 1
| /* end confdefs.h.  */
| #include <ac_nonexistent.h>
configure:13790: result: gcc -E
configure:13804: gcc -E  conftest.c
configure:13804: $? = 0
configure:13819: gcc -E  conftest.c
conftest.c:26:10: fatal error: 'ac_nonexistent.h' file not found
#include <ac_nonexistent.h>
         ^~~~~~~~~~~~~~~~~~
1 error generated.
configure:13819: $? = 1
configure: failed program was:
| /* confdefs.h */
| #define PACKAGE_NAME "openocd"
| #define PACKAGE_TARNAME "openocd"
| #define PACKAGE_VERSION "0.11.0+dev"
| #define PACKAGE_STRING "openocd 0.11.0+dev"
| #define PACKAGE_BUGREPORT "OpenOCD Mailing List <openocd-devel@lists.sourceforge.net>"
| #define PACKAGE_URL ""
| #define PACKAGE "openocd"
| #define VERSION "0.11.0+dev"
| #define HAVE_STDIO_H 1
| #define HAVE_STDLIB_H 1
| #define HAVE_STRING_H 1
| #define HAVE_INTTYPES_H 1
| #define HAVE_STDINT_H 1
| #define HAVE_STRINGS_H 1
| #define HAVE_SYS_STAT_H 1
| #define HAVE_SYS_TYPES_H 1
| #define HAVE_UNISTD_H 1
| #define STDC_HEADERS 1
| #define HAVE_DLFCN_H 1
| #define LT_OBJDIR ".libs/"
| #define HAVE_UNSIGNED_LONG_LONG_INT 1
| #define HAVE_LONG_LONG_INT 1
| #define HAVE_SYS_SOCKET_H 1
| /* end confdefs.h.  */
| #include <ac_nonexistent.h>
conftest.c:26:10: fatal error: 'elf.h' file not found
#include <elf.h>
         ^~~~~~~
1 error generated.
configure:13866: checking for dirent.h
configure:13866: gcc -c -Wno-error  conftest.c >&5
configure:13866: $? = 0
configure:13866: result: yes
configure:13873: checking for fcntl.h
configure:13873: gcc -c -Wno-error  conftest.c >&5
configure:13873: $? = 0
configure:13873: result: yes
configure:13880: checking for malloc.h
configure:13880: gcc -c -Wno-error  conftest.c >&5
conftest.c:56:10: fatal error: 'malloc.h' file not found
#include <malloc.h>
         ^~~~~~~~~~
1 error generated.
configure:13880: $? = 1
configure: failed program was:
| /* confdefs.h */
| #define PACKAGE_NAME "openocd"
| #define PACKAGE_TARNAME "openocd"
| #define PACKAGE_VERSION "0.11.0+dev"
| #define PACKAGE_STRING "openocd 0.11.0+dev"
| #define PACKAGE_BUGREPORT "OpenOCD Mailing List <openocd-devel@lists.sourceforge.net>"
| #define PACKAGE_URL ""
| #define PACKAGE "openocd"
| #define VERSION "0.11.0+dev"
| #define HAVE_STDIO_H 1
| #define HAVE_STDLIB_H 1
| #define HAVE_STRING_H 1
| #define HAVE_INTTYPES_H 1
| #define HAVE_STDINT_H 1
| #define HAVE_STRINGS_H 1
| #define HAVE_SYS_STAT_H 1
| #define HAVE_SYS_TYPES_H 1
| #define HAVE_UNISTD_H 1
| #define STDC_HEADERS 1
| #define HAVE_DLFCN_H 1
| #define LT_OBJDIR ".libs/"
| #define HAVE_UNSIGNED_LONG_LONG_INT 1
| #define HAVE_LONG_LONG_INT 1
| #define HAVE_SYS_SOCKET_H 1
| #define HAVE_DIRENT_H 1
| #define HAVE_FCNTL_H 1
| /* end confdefs.h.  */
| #include <stddef.h>
| #ifdef HAVE_STDIO_H
| # include <stdio.h>
| #endif
| #ifdef HAVE_STDLIB_H
| # include <stdlib.h>
| #endif
| #ifdef HAVE_STRING_H
| # include <string.h>
| #endif
| #ifdef HAVE_INTTYPES_H
| # include <inttypes.h>
| #endif
| #ifdef HAVE_STDINT_H
| # include <stdint.h>
| #endif
| #ifdef HAVE_STRINGS_H
| # include <strings.h>
| #endif
| #ifdef HAVE_SYS_TYPES_H
| # include <sys/types.h>
| #endif
| #ifdef HAVE_SYS_STAT_H
| # include <sys/stat.h>
| #endif
| #ifdef HAVE_UNISTD_H
| # include <unistd.h>
| #endif
| #include <malloc.h>
configure:13880: result: no
configure:13887: checking for netdb.h
configure:13887: gcc -c -Wno-error  conftest.c >&5
configure:13887: $? = 0
configure:13887: result: yes
configure:13894: checking for poll.h
configure:13894: gcc -c -Wno-error  conftest.c >&5
configure:13894: $? = 0
configure:13894: result: yes
configure:13901: checking for pthread.h
configure:13901: gcc -c -Wno-error  conftest.c >&5
configure:13901: $? = 0
configure:13901: result: yes
configure:13908: checking for strings.h
configure:13908: result: yes
configure:13915: checking for sys/ioctl.h
configure:13915: gcc -c -Wno-error  conftest.c >&5
configure:13915: $? = 0
configure:13915: result: yes
configure:13922: checking for sys/param.h
configure:13922: gcc -c -Wno-error  conftest.c >&5
configure:13922: $? = 0
configure:13922: result: yes
configure:13929: checking for sys/select.h
configure:13929: gcc -c -Wno-error  conftest.c >&5
configure:13929: $? = 0
configure:13929: result: yes
configure:13936: checking for sys/stat.h
configure:13936: result: yes
configure:13943: checking for sys/sysctl.h
configure:13943: gcc -c -Wno-error  conftest.c >&5
configure:13943: $? = 0
configure:13943: result: yes
configure:13950: checking for sys/time.h
configure:13950: gcc -c -Wno-error  conftest.c >&5
configure:13950: $? = 0
configure:13950: result: yes
configure:13957: checking for sys/types.h
configure:13957: result: yes
configure:13964: checking for unistd.h
configure:13964: result: yes
configure:13971: checking for arpa/inet.h
configure:13971: gcc -c -Wno-error  conftest.c >&5
configure:13971: $? = 0
configure:13971: result: yes
configure:13990: checking for ifaddrs.h
configure:13990: gcc -c -Wno-error  conftest.c >&5
configure:13990: $? = 0
configure:13990: result: yes
configure:14009: checking for netinet/in.h
configure:14009: gcc -c -Wno-error  conftest.c >&5
configure:14009: $? = 0
configure:14009: result: yes
configure:14028: checking for netinet/tcp.h
configure:14028: gcc -c -Wno-error  conftest.c >&5
configure:14028: $? = 0
configure:14028: result: yes
configure:14047: checking for net/if.h
configure:14047: gcc -c -Wno-error  conftest.c >&5
configure:14047: $? = 0
configure:14047: result: yes
configure:14069: checking whether to enable assertions
configure:14090: result: yes
configure:14093: checking for _Bool
configure:14093: gcc -c -Wno-error  conftest.c >&5
configure:14093: $? = 0
configure:14093: gcc -c -Wno-error  conftest.c >&5
conftest.c:76:20: error: expected expression
if (sizeof ((_Bool)))
                   ^
1 error generated.
configure:14093: $? = 1
configure: failed program was:
| /* confdefs.h */
| #define PACKAGE_NAME "openocd"
| #define PACKAGE_TARNAME "openocd"
| #define PACKAGE_VERSION "0.11.0+dev"
| #define PACKAGE_STRING "openocd 0.11.0+dev"
| #define PACKAGE_BUGREPORT "OpenOCD Mailing List <openocd-devel@lists.sourceforge.net>"
| #define PACKAGE_URL ""
| #define PACKAGE "openocd"
| #define VERSION "0.11.0+dev"
| #define HAVE_STDIO_H 1
| #define HAVE_STDLIB_H 1
| #define HAVE_STRING_H 1
| #define HAVE_INTTYPES_H 1
| #define HAVE_STDINT_H 1
| #define HAVE_STRINGS_H 1
| #define HAVE_SYS_STAT_H 1
| #define HAVE_SYS_TYPES_H 1
| #define HAVE_UNISTD_H 1
| #define STDC_HEADERS 1
| #define HAVE_DLFCN_H 1
| #define LT_OBJDIR ".libs/"
| #define HAVE_UNSIGNED_LONG_LONG_INT 1
| #define HAVE_LONG_LONG_INT 1
| #define HAVE_SYS_SOCKET_H 1
| #define HAVE_DIRENT_H 1
| #define HAVE_FCNTL_H 1
| #define HAVE_NETDB_H 1
| #define HAVE_POLL_H 1
| #define HAVE_PTHREAD_H 1
| #define HAVE_STRINGS_H 1
| #define HAVE_SYS_IOCTL_H 1
| #define HAVE_SYS_PARAM_H 1
| #define HAVE_SYS_SELECT_H 1
| #define HAVE_SYS_STAT_H 1
| #define HAVE_SYS_SYSCTL_H 1
| #define HAVE_SYS_TIME_H 1
| #define HAVE_SYS_TYPES_H 1
| #define HAVE_UNISTD_H 1
| #define HAVE_ARPA_INET_H 1
| #define HAVE_IFADDRS_H 1
| #define HAVE_NETINET_IN_H 1
| #define HAVE_NETINET_TCP_H 1
| #define HAVE_NET_IF_H 1
| /* end confdefs.h.  */
| #include <stddef.h>
| #ifdef HAVE_STDIO_H
| # include <stdio.h>
| #endif
| #ifdef HAVE_STDLIB_H
| # include <stdlib.h>
| #endif
| #ifdef HAVE_STRING_H
| # include <string.h>
| #endif
| #ifdef HAVE_INTTYPES_H
| # include <inttypes.h>
| #endif
| #ifdef HAVE_STDINT_H
| # include <stdint.h>
| #endif
| #ifdef HAVE_STRINGS_H
| # include <strings.h>
| #endif
| #ifdef HAVE_SYS_TYPES_H
| # include <sys/types.h>
| #endif
| #ifdef HAVE_SYS_STAT_H
| # include <sys/stat.h>
| #endif
| #ifdef HAVE_UNISTD_H
| # include <unistd.h>
| #endif
| int
| main (void)
| {
| if (sizeof ((_Bool)))
| 	    return 0;
|   ;
|   return 0;
| }
configure:14093: result: yes
configure:14102: checking for stdbool.h that conforms to C99
configure:14218: gcc -c -Wno-error  conftest.c >&5
conftest.c:131:25: warning: address of 's' will always evaluate to 'true' [-Wpointer-bool-conversion]
             bool ps = &s;
                  ~~    ^
conftest.c:136:28: warning: address of 't' will always evaluate to 'true' [-Wpointer-bool-conversion]
               _Bool pt = &t;
                     ~~    ^
conftest.c:146:55: warning: address of array 'y' will always evaluate to 'true' [-Wpointer-bool-conversion]
                                                     ~^
conftest.c:146:50: warning: address of array 'x' will always evaluate to 'true' [-Wpointer-bool-conversion]
                                                ~^
conftest.c:146:45: warning: address of array 'w' will always evaluate to 'true' [-Wpointer-bool-conversion]
                                           ~^
conftest.c:146:40: warning: address of array 'v' will always evaluate to 'true' [-Wpointer-bool-conversion]
                                      ~^
conftest.c:146:35: warning: address of array 'u' will always evaluate to 'true' [-Wpointer-bool-conversion]
                                 ~^
conftest.c:146:30: warning: address of array 'r' will always evaluate to 'true' [-Wpointer-bool-conversion]
                            ~^
conftest.c:146:25: warning: address of array 'q' will always evaluate to 'true' [-Wpointer-bool-conversion]
                       ~^
conftest.c:144:40: warning: address of array 'o' will always evaluate to 'true' [-Wpointer-bool-conversion]
                                      ~^
conftest.c:144:35: warning: address of array 'n' will always evaluate to 'true' [-Wpointer-bool-conversion]
                                 ~^
conftest.c:144:30: warning: address of array 'm' will always evaluate to 'true' [-Wpointer-bool-conversion]
                            ~^
conftest.c:144:25: warning: address of array 'l' will always evaluate to 'true' [-Wpointer-bool-conversion]
                       ~^
conftest.c:143:73: warning: address of array 'k' will always evaluate to 'true' [-Wpointer-bool-conversion]
             return (!a + !b + !c + !d + !e + !f + !g + !h + !i + !j + !k
                                                                       ~^
conftest.c:143:68: warning: address of array 'j' will always evaluate to 'true' [-Wpointer-bool-conversion]
             return (!a + !b + !c + !d + !e + !f + !g + !h + !i + !j + !k
                                                                  ~^
conftest.c:143:63: warning: address of array 'i' will always evaluate to 'true' [-Wpointer-bool-conversion]
             return (!a + !b + !c + !d + !e + !f + !g + !h + !i + !j + !k
                                                             ~^
conftest.c:143:38: warning: address of array 'd' will always evaluate to 'true' [-Wpointer-bool-conversion]
             return (!a + !b + !c + !d + !e + !f + !g + !h + !i + !j + !k
                                    ~^
conftest.c:143:33: warning: address of array 'c' will always evaluate to 'true' [-Wpointer-bool-conversion]
             return (!a + !b + !c + !d + !e + !f + !g + !h + !i + !j + !k
                               ~^
conftest.c:143:28: warning: address of array 'b' will always evaluate to 'true' [-Wpointer-bool-conversion]
             return (!a + !b + !c + !d + !e + !f + !g + !h + !i + !j + !k
                          ~^
conftest.c:143:23: warning: address of array 'a' will always evaluate to 'true' [-Wpointer-bool-conversion]
             return (!a + !b + !c + !d + !e + !f + !g + !h + !i + !j + !k
                     ~^
20 warnings generated.
configure:14218: $? = 0
configure:14226: result: yes
configure:14236: checking whether byte ordering is bigendian
configure:14252: gcc -c -Wno-error  conftest.c >&5
configure:14252: $? = 0
configure:14298: gcc -c -Wno-error  conftest.c >&5
configure:14298: $? = 0
configure:14317: gcc -c -Wno-error  conftest.c >&5
conftest.c:54:4: error: use of undeclared identifier 'not'
                 not big endian
                 ^
1 error generated.
configure:14317: $? = 1
configure: failed program was:
| /* confdefs.h */
| #define PACKAGE_NAME "openocd"
| #define PACKAGE_TARNAME "openocd"
| #define PACKAGE_VERSION "0.11.0+dev"
| #define PACKAGE_STRING "openocd 0.11.0+dev"
| #define PACKAGE_BUGREPORT "OpenOCD Mailing List <openocd-devel@lists.sourceforge.net>"
| #define PACKAGE_URL ""
| #define PACKAGE "openocd"
| #define VERSION "0.11.0+dev"
| #define HAVE_STDIO_H 1
| #define HAVE_STDLIB_H 1
| #define HAVE_STRING_H 1
| #define HAVE_INTTYPES_H 1
| #define HAVE_STDINT_H 1
| #define HAVE_STRINGS_H 1
| #define HAVE_SYS_STAT_H 1
| #define HAVE_SYS_TYPES_H 1
| #define HAVE_UNISTD_H 1
| #define STDC_HEADERS 1
| #define HAVE_DLFCN_H 1
| #define LT_OBJDIR ".libs/"
| #define HAVE_UNSIGNED_LONG_LONG_INT 1
| #define HAVE_LONG_LONG_INT 1
| #define HAVE_SYS_SOCKET_H 1
| #define HAVE_DIRENT_H 1
| #define HAVE_FCNTL_H 1
| #define HAVE_NETDB_H 1
| #define HAVE_POLL_H 1
| #define HAVE_PTHREAD_H 1
| #define HAVE_STRINGS_H 1
| #define HAVE_SYS_IOCTL_H 1
| #define HAVE_SYS_PARAM_H 1
| #define HAVE_SYS_SELECT_H 1
| #define HAVE_SYS_STAT_H 1
| #define HAVE_SYS_SYSCTL_H 1
| #define HAVE_SYS_TIME_H 1
| #define HAVE_SYS_TYPES_H 1
| #define HAVE_UNISTD_H 1
| #define HAVE_ARPA_INET_H 1
| #define HAVE_IFADDRS_H 1
| #define HAVE_NETINET_IN_H 1
| #define HAVE_NETINET_TCP_H 1
| #define HAVE_NET_IF_H 1
| #define HAVE__BOOL 1
| #define HAVE_STDBOOL_H 1
| /* end confdefs.h.  */
| #include <sys/types.h>
| 		#include <sys/param.h>
| 
| int
| main (void)
| {
| #if BYTE_ORDER != BIG_ENDIAN
| 		 not big endian
| 		#endif
| 
|   ;
|   return 0;
| }
configure:14451: result: no
configure:14470: checking for strndup
configure:14470: gcc -o conftest -Wno-error   conftest.c  >&5
conftest.c:63:6: warning: incompatible redeclaration of library function 'strndup' [-Wincompatible-library-redeclaration]
char strndup ();
     ^
conftest.c:63:6: note: 'strndup' is a builtin with type 'char *(const char *, unsigned long)'
1 warning generated.
configure:14470: $? = 0
configure:14470: result: yes
configure:14477: checking for strnlen
configure:14477: gcc -o conftest -Wno-error   conftest.c  >&5
configure:14477: $? = 0
configure:14477: result: yes
configure:14484: checking for gettimeofday
configure:14484: gcc -o conftest -Wno-error   conftest.c  >&5
configure:14484: $? = 0
configure:14484: result: yes
configure:14491: checking for usleep
configure:14491: gcc -o conftest -Wno-error   conftest.c  >&5
configure:14491: $? = 0
configure:14491: result: yes
configure:14498: checking for vasprintf
configure:14498: gcc -o conftest -Wno-error   conftest.c  >&5
conftest.c:78:19: warning: format string missing [-Wformat]
return vasprintf ();
       ~~~~~~~~~  ^
1 warning generated.
configure:14498: $? = 0
configure:14498: result: yes
configure:14505: checking for realpath
configure:14505: gcc -o conftest -Wno-error   conftest.c  >&5
configure:14505: $? = 0
configure:14505: result: yes
configure:14514: checking whether to build a release
configure:14526: result: no
configure:14568: checking whether to build Doxygen as HTML
configure:14570: result: yes
configure:14582: checking whether to build Doxygen as PDF
configure:14584: result: no
configure:14642: checking whether to enable verbose USB I/O messages
configure:14644: result: no
configure:14655: checking whether to enable verbose USB communication messages
configure:14657: result: no
configure:14676: checking whether to enable malloc free space logging
configure:14678: result: no
configure:15622: checking for libusb-1.0
configure:15629: $PKG_CONFIG --exists --print-errors "libusb-1.0"
configure:15632: $? = 0
configure:15646: $PKG_CONFIG --exists --print-errors "libusb-1.0"
configure:15649: $? = 0
configure:15695: result: yes
configure:15703: libusb-1.0 header bug workaround: LIBUSB1_CFLAGS changed to "-isystem /usr/local/Cellar/libusb/1.0.26/include/libusb-1.0"
configure:15706: $PKG_CONFIG --exists --print-errors "libusb-1.0 >= 1.0.16"
configure:15709: $? = 0
configure:15737: checking for capstone
configure:15744: $PKG_CONFIG --exists --print-errors "capstone"
Package capstone was not found in the pkg-config search path.
Perhaps you should add the directory containing `capstone.pc'
to the PKG_CONFIG_PATH environment variable
No package 'capstone' found
configure:15747: $? = 1
configure:15761: $PKG_CONFIG --exists --print-errors "capstone"
Package capstone was not found in the pkg-config search path.
Perhaps you should add the directory containing `capstone.pc'
to the PKG_CONFIG_PATH environment variable
No package 'capstone' found
configure:15764: $? = 1
configure:15778: result: no
No package 'capstone' found
configure:15832: checking for hidapi
configure:15839: $PKG_CONFIG --exists --print-errors "$hidapi_lib"
configure:15842: $? = 0
configure:15856: $PKG_CONFIG --exists --print-errors "$hidapi_lib"
configure:15859: $? = 0
configure:15901: result: yes
configure:15912: checking for libftdi1
configure:15919: $PKG_CONFIG --exists --print-errors "libftdi1"
Package libftdi1 was not found in the pkg-config search path.
Perhaps you should add the directory containing `libftdi1.pc'
to the PKG_CONFIG_PATH environment variable
No package 'libftdi1' found
configure:15922: $? = 1
configure:15936: $PKG_CONFIG --exists --print-errors "libftdi1"
Package libftdi1 was not found in the pkg-config search path.
Perhaps you should add the directory containing `libftdi1.pc'
to the PKG_CONFIG_PATH environment variable
No package 'libftdi1' found
configure:15939: $? = 1
configure:15953: result: no
No package 'libftdi1' found
configure:15972: checking for libftdi
configure:15979: $PKG_CONFIG --exists --print-errors "libftdi"
Package libftdi was not found in the pkg-config search path.
Perhaps you should add the directory containing `libftdi.pc'
to the PKG_CONFIG_PATH environment variable
No package 'libftdi' found
configure:15982: $? = 1
configure:15996: $PKG_CONFIG --exists --print-errors "libftdi"
Package libftdi was not found in the pkg-config search path.
Perhaps you should add the directory containing `libftdi.pc'
to the PKG_CONFIG_PATH environment variable
No package 'libftdi' found
configure:15999: $? = 1
configure:16013: result: no
No package 'libftdi' found
configure:16140: checking for libgpiod
configure:16147: $PKG_CONFIG --exists --print-errors "libgpiod"
Package libgpiod was not found in the pkg-config search path.
Perhaps you should add the directory containing `libgpiod.pc'
to the PKG_CONFIG_PATH environment variable
No package 'libgpiod' found
configure:16150: $? = 1
configure:16164: $PKG_CONFIG --exists --print-errors "libgpiod"
Package libgpiod was not found in the pkg-config search path.
Perhaps you should add the directory containing `libgpiod.pc'
to the PKG_CONFIG_PATH environment variable
No package 'libgpiod' found
configure:16167: $? = 1
configure:16181: result: no
No package 'libgpiod' found
configure:16212: checking for libjaylink >= 0.2
configure:16219: $PKG_CONFIG --exists --print-errors "libjaylink >= 0.2"
Package libjaylink was not found in the pkg-config search path.
Perhaps you should add the directory containing `libjaylink.pc'
to the PKG_CONFIG_PATH environment variable
No package 'libjaylink' found
configure:16222: $? = 1
configure:16236: $PKG_CONFIG --exists --print-errors "libjaylink >= 0.2"
Package libjaylink was not found in the pkg-config search path.
Perhaps you should add the directory containing `libjaylink.pc'
to the PKG_CONFIG_PATH environment variable
No package 'libjaylink' found
configure:16239: $? = 1
configure:16253: result: no
No package 'libjaylink' found
configure:17695: checking for environ in unistd.h and stdlib.h
configure:17713: gcc -c -Wno-error  conftest.c >&5
conftest.c:112:13: error: use of undeclared identifier 'environ'
char **ep = environ;
            ^
1 error generated.
configure:17713: $? = 1
configure: failed program was:
| /* confdefs.h */
| #define PACKAGE_NAME "openocd"
| #define PACKAGE_TARNAME "openocd"
| #define PACKAGE_VERSION "0.11.0+dev"
| #define PACKAGE_STRING "openocd 0.11.0+dev"
| #define PACKAGE_BUGREPORT "OpenOCD Mailing List <openocd-devel@lists.sourceforge.net>"
| #define PACKAGE_URL ""
| #define PACKAGE "openocd"
| #define VERSION "0.11.0+dev"
| #define HAVE_STDIO_H 1
| #define HAVE_STDLIB_H 1
| #define HAVE_STRING_H 1
| #define HAVE_INTTYPES_H 1
| #define HAVE_STDINT_H 1
| #define HAVE_STRINGS_H 1
| #define HAVE_SYS_STAT_H 1
| #define HAVE_SYS_TYPES_H 1
| #define HAVE_UNISTD_H 1
| #define STDC_HEADERS 1
| #define HAVE_DLFCN_H 1
| #define LT_OBJDIR ".libs/"
| #define HAVE_UNSIGNED_LONG_LONG_INT 1
| #define HAVE_LONG_LONG_INT 1
| #define HAVE_SYS_SOCKET_H 1
| #define HAVE_DIRENT_H 1
| #define HAVE_FCNTL_H 1
| #define HAVE_NETDB_H 1
| #define HAVE_POLL_H 1
| #define HAVE_PTHREAD_H 1
| #define HAVE_STRINGS_H 1
| #define HAVE_SYS_IOCTL_H 1
| #define HAVE_SYS_PARAM_H 1
| #define HAVE_SYS_SELECT_H 1
| #define HAVE_SYS_STAT_H 1
| #define HAVE_SYS_SYSCTL_H 1
| #define HAVE_SYS_TIME_H 1
| #define HAVE_SYS_TYPES_H 1
| #define HAVE_UNISTD_H 1
| #define HAVE_ARPA_INET_H 1
| #define HAVE_IFADDRS_H 1
| #define HAVE_NETINET_IN_H 1
| #define HAVE_NETINET_TCP_H 1
| #define HAVE_NET_IF_H 1
| #define HAVE__BOOL 1
| #define HAVE_STDBOOL_H 1
| #define HAVE_STRNDUP 1
| #define HAVE_STRNLEN 1
| #define HAVE_GETTIMEOFDAY 1
| #define HAVE_USLEEP 1
| #define HAVE_VASPRINTF 1
| #define HAVE_REALPATH 1
| #define IS_CYGWIN 0
| #define IS_MINGW 0
| #define IS_WIN32 0
| #define IS_DARWIN 1
| #define BUILD_PARPORT 0
| #define BUILD_RSHIM 0
| #define BUILD_DUMMY 0
| #define BUILD_EP93XX 0
| #define BUILD_AT91RM9200 0
| #define BUILD_BCM2835GPIO 0
| #define BUILD_IMX_GPIO 0
| #define PARPORT_USE_PPDEV 1
| #define PARPORT_USE_GIVEIO 0
| #define BUILD_JTAG_VPI 0
| #define BUILD_WLINK 1
| #define BUILD_JTAG_DPI 0
| #define BUILD_AMTJTAGACCEL 0
| #define BUILD_GW16012 0
| #define BUILD_BUSPIRATE 1
| #define BUILD_REMOTE_BITBANG 1
| #define BUILD_SYSFSGPIO 0
| #define BUILD_XLNX_PCIE_XVC 0
| #define HAVE_LIBUSB1 1
| #define HAVE_LIBUSB_GET_PORT_NUMBERS 1
| #define HAVE_CAPSTONE 0
| #define BUILD_FTDI 1
| #define BUILD_FTDI_OSCAN1 1
| #define BUILD_HLADAPTER_STLINK 1
| #define BUILD_WLINK 1
| #define BUILD_HLADAPTER_ICDI 1
| #define BUILD_ULINK 1
| #define BUILD_USB_BLASTER_2 1
| #define BUILD_FT232R 1
| #define BUILD_VSLLINK 1
| #define BUILD_XDS110 1
| #define BUILD_CMSIS_DAP_USB 1
| #define BUILD_OSBDM 1
| #define BUILD_OPENDOUS 1
| #define BUILD_ARMJTAGEW 1
| #define BUILD_RLINK 1
| #define BUILD_USBPROG 1
| #define BUILD_AICE 1
| #define BUILD_CMSIS_DAP_HID 1
| #define BUILD_HLADAPTER_NULINK 1
| #define BUILD_KITPROG 1
| #define BUILD_USB_BLASTER 0
| #define BUILD_PRESTO 0
| #define BUILD_OPENJTAG 0
| #define BUILD_LINUXGPIOD 0
| #define BUILD_JLINK 1
| #define BUILD_HLADAPTER 1
| /* end confdefs.h.  */
| 
| #define _GNU_SOURCE
| #include <unistd.h>
| #include <stdlib.h>
| 
| int
| main (void)
| {
| char **ep = environ;
| 
|   ;
|   return 0;
| }
configure:17722: result: no
configure:17726: checking for extern environ
configure:17742: gcc -o conftest -Wno-error   conftest.c  >&5
configure:17742: $? = 0
configure:17757: result: yes
configure:17921: checking that generated files are newer than configure
configure:17927: result: done
configure:18203: creating ./config.status

## ---------------------- ##
## Running config.status. ##
## ---------------------- ##

This file was extended by openocd config.status 0.11.0+dev, which was
generated by GNU Autoconf 2.71.  Invocation command line was

  CONFIG_FILES    = 
  CONFIG_HEADERS  = 
  CONFIG_LINKS    = 
  CONFIG_COMMANDS = 
  $ ./config.status 

on iMac-2.local

config.status:1302: creating Makefile
config.status:1302: creating config.h
config.status:1531: executing depfiles commands
config.status:1608: cd .       && sed -e '/# am--include-marker/d' Makefile         | make -f - am--depfiles
config.status:1613: $? = 0
config.status:1531: executing libtool commands
configure:20419: === configuring in jimtcl (/Users/neuberfran/riscv-openocd-wch/jimtcl)
configure:20480: running /bin/sh ./configure.gnu --disable-option-checking '--prefix=/usr/local'  'CFLAGS=-Wno-error' '--enable-wlink' --cache-file=/dev/null --srcdir=.
configure:20419: === configuring in src/jtag/drivers/libjaylink (/Users/neuberfran/riscv-openocd-wch/src/jtag/drivers/libjaylink)
configure:20480: running /bin/sh ./configure.gnu --disable-option-checking '--prefix=/usr/local'  'CFLAGS=-Wno-error' '--enable-wlink' --cache-file=/dev/null --srcdir=.

## ---------------- ##
## Cache variables. ##
## ---------------- ##

ac_cv_build=x86_64-apple-darwin20.2.0
ac_cv_c_bigendian=no
ac_cv_c_compiler_gnu=yes
ac_cv_c_const=yes
ac_cv_env_CAPSTONE_CFLAGS_set=
ac_cv_env_CAPSTONE_CFLAGS_value=
ac_cv_env_CAPSTONE_LIBS_set=
ac_cv_env_CAPSTONE_LIBS_value=
ac_cv_env_CC_set=
ac_cv_env_CC_value=
ac_cv_env_CFLAGS_set=set
ac_cv_env_CFLAGS_value=-Wno-error
ac_cv_env_CPPFLAGS_set=
ac_cv_env_CPPFLAGS_value=
ac_cv_env_CPP_set=
ac_cv_env_CPP_value=
ac_cv_env_HIDAPI_CFLAGS_set=
ac_cv_env_HIDAPI_CFLAGS_value=
ac_cv_env_HIDAPI_LIBS_set=
ac_cv_env_HIDAPI_LIBS_value=
ac_cv_env_LDFLAGS_set=
ac_cv_env_LDFLAGS_value=
ac_cv_env_LIBFTDI_CFLAGS_set=
ac_cv_env_LIBFTDI_CFLAGS_value=
ac_cv_env_LIBFTDI_LIBS_set=
ac_cv_env_LIBFTDI_LIBS_value=
ac_cv_env_LIBGPIOD_CFLAGS_set=
ac_cv_env_LIBGPIOD_CFLAGS_value=
ac_cv_env_LIBGPIOD_LIBS_set=
ac_cv_env_LIBGPIOD_LIBS_value=
ac_cv_env_LIBJAYLINK_CFLAGS_set=
ac_cv_env_LIBJAYLINK_CFLAGS_value=
ac_cv_env_LIBJAYLINK_LIBS_set=
ac_cv_env_LIBJAYLINK_LIBS_value=
ac_cv_env_LIBS_set=
ac_cv_env_LIBS_value=
ac_cv_env_LIBUSB1_CFLAGS_set=
ac_cv_env_LIBUSB1_CFLAGS_value=
ac_cv_env_LIBUSB1_LIBS_set=
ac_cv_env_LIBUSB1_LIBS_value=
ac_cv_env_LT_SYS_LIBRARY_PATH_set=
ac_cv_env_LT_SYS_LIBRARY_PATH_value=
ac_cv_env_PKG_CONFIG_LIBDIR_set=
ac_cv_env_PKG_CONFIG_LIBDIR_value=
ac_cv_env_PKG_CONFIG_PATH_set=
ac_cv_env_PKG_CONFIG_PATH_value=
ac_cv_env_PKG_CONFIG_set=
ac_cv_env_PKG_CONFIG_value=
ac_cv_env_build_alias_set=
ac_cv_env_build_alias_value=
ac_cv_env_host_alias_set=
ac_cv_env_host_alias_value=
ac_cv_env_target_alias_set=
ac_cv_env_target_alias_value=
ac_cv_func_gettimeofday=yes
ac_cv_func_realpath=yes
ac_cv_func_strndup=yes
ac_cv_func_strnlen=yes
ac_cv_func_usleep=yes
ac_cv_func_vasprintf=yes
ac_cv_header_arpa_inet_h=yes
ac_cv_header_dirent_h=yes
ac_cv_header_dlfcn_h=yes
ac_cv_header_elf_h=no
ac_cv_header_fcntl_h=yes
ac_cv_header_ifaddrs_h=yes
ac_cv_header_inttypes_h=yes
ac_cv_header_malloc_h=no
ac_cv_header_net_if_h=yes
ac_cv_header_netdb_h=yes
ac_cv_header_netinet_in_h=yes
ac_cv_header_netinet_tcp_h=yes
ac_cv_header_poll_h=yes
ac_cv_header_pthread_h=yes
ac_cv_header_stdbool_h=yes
ac_cv_header_stdint_h=yes
ac_cv_header_stdio_h=yes
ac_cv_header_stdlib_h=yes
ac_cv_header_string_h=yes
ac_cv_header_strings_h=yes
ac_cv_header_sys_ioctl_h=yes
ac_cv_header_sys_param_h=yes
ac_cv_header_sys_select_h=yes
ac_cv_header_sys_socket_h=yes
ac_cv_header_sys_stat_h=yes
ac_cv_header_sys_sysctl_h=yes
ac_cv_header_sys_time_h=yes
ac_cv_header_sys_types_h=yes
ac_cv_header_unistd_h=yes
ac_cv_host=x86_64-apple-darwin20.2.0
ac_cv_objext=o
ac_cv_path_EGREP='/usr/bin/grep -E'
ac_cv_path_FGREP='/usr/bin/grep -F'
ac_cv_path_GREP=/usr/bin/grep
ac_cv_path_SED=/usr/local/bin/gsed
ac_cv_path_ac_pt_PKG_CONFIG=/usr/local/bin/pkg-config
ac_cv_path_install='/usr/bin/install -c'
ac_cv_path_lt_DD=/bin/dd
ac_cv_prog_AWK=gawk
ac_cv_prog_CPP='gcc -E'
ac_cv_prog_MAKEINFO=makeinfo
ac_cv_prog_ac_ct_AR=ar
ac_cv_prog_ac_ct_CC=gcc
ac_cv_prog_ac_ct_DSYMUTIL=dsymutil
ac_cv_prog_ac_ct_FILECMD=file
ac_cv_prog_ac_ct_LIPO=lipo
ac_cv_prog_ac_ct_NMEDIT=nmedit
ac_cv_prog_ac_ct_OBJDUMP=objdump
ac_cv_prog_ac_ct_OTOOL=otool
ac_cv_prog_ac_ct_RANLIB=ranlib
ac_cv_prog_ac_ct_STRIP=strip
ac_cv_prog_cc_c11=
ac_cv_prog_cc_g=yes
ac_cv_prog_cc_stdc=
ac_cv_prog_make_make_set=yes
ac_cv_search_dlopen='none required'
ac_cv_search_ioperm=no
ac_cv_search_openpty='none required'
ac_cv_type__Bool=yes
ac_cv_type_long_long_int=yes
ac_cv_type_unsigned_long_long_int=yes
am_cv_CC_dependencies_compiler_type=gcc3
am_cv_make_support_nested_variables=yes
am_cv_prog_cc_c_o=yes
lt_cv_apple_cc_single_mod=yes
lt_cv_ar_at_file=no
lt_cv_deplibs_check_method=pass_all
lt_cv_file_magic_cmd='$MAGIC_CMD'
lt_cv_file_magic_test_file=
lt_cv_ld_exported_symbols_list=yes
lt_cv_ld_force_load=yes
lt_cv_ld_reload_flag=-r
lt_cv_nm_interface='BSD nm'
lt_cv_objdir=.libs
lt_cv_path_LD=/Library/Developer/CommandLineTools/usr/bin/ld
lt_cv_path_NM='/usr/bin/nm -B'
lt_cv_path_mainfest_tool=no
lt_cv_prog_compiler_c_o=yes
lt_cv_prog_compiler_pic='-fno-common -DPIC'
lt_cv_prog_compiler_pic_works=yes
lt_cv_prog_compiler_rtti_exceptions=yes
lt_cv_prog_compiler_static_works=no
lt_cv_prog_gnu_ld=no
lt_cv_sharedlib_from_linklib_cmd='printf %s\n'
lt_cv_sys_global_symbol_pipe='/usr/local/bin/gsed -n -e '\''s/^.*[	 ]\([BCDEGRST][BCDEGRST]*\)[	 ][	 ]*_\([_A-Za-z][_A-Za-z0-9]*\)$/\1 _\2 \2/p'\'' | /usr/local/bin/gsed '\''/ __gnu_lto/d'\'''
lt_cv_sys_global_symbol_to_c_name_address='/usr/local/bin/gsed -n -e '\''s/^: \(.*\) .*$/  {"\1", (void *) 0},/p'\'' -e '\''s/^[BCDEGRST][BCDEGRST]* .* \(.*\)$/  {"\1", (void *) \&\1},/p'\'''
lt_cv_sys_global_symbol_to_c_name_address_lib_prefix='/usr/local/bin/gsed -n -e '\''s/^: \(.*\) .*$/  {"\1", (void *) 0},/p'\'' -e '\''s/^[BCDEGRST][BCDEGRST]* .* \(lib.*\)$/  {"\1", (void *) \&\1},/p'\'' -e '\''s/^[BCDEGRST][BCDEGRST]* .* \(.*\)$/  {"lib\1", (void *) \&\1},/p'\'''
lt_cv_sys_global_symbol_to_cdecl='/usr/local/bin/gsed -n -e '\''s/^T .* \(.*\)$/extern int \1();/p'\'' -e '\''s/^[BCDEGRST][BCDEGRST]* .* \(.*\)$/extern char \1;/p'\'''
lt_cv_sys_global_symbol_to_import=
lt_cv_sys_max_cmd_len=786432
lt_cv_to_host_file_cmd=func_convert_file_noop
lt_cv_to_tool_file_cmd=func_convert_file_noop
lt_cv_truncate_bin='/bin/dd bs=4096 count=1'
pkg_cv_HIDAPI_CFLAGS=-I/usr/local/Cellar/hidapi/0.12.0/include/hidapi
pkg_cv_HIDAPI_LIBS='-L/usr/local/Cellar/hidapi/0.12.0/lib -lhidapi'
pkg_cv_LIBUSB1_CFLAGS=-I/usr/local/Cellar/libusb/1.0.26/include/libusb-1.0
pkg_cv_LIBUSB1_LIBS='-L/usr/local/Cellar/libusb/1.0.26/lib -lusb-1.0'

## ----------------- ##
## Output variables. ##
## ----------------- ##

ACLOCAL='${SHELL} '\''/Users/neuberfran/riscv-openocd-wch/build-aux/missing'\'' aclocal-1.16'
AICE_FALSE='#'
AICE_TRUE=''
AMDEPBACKSLASH='\'
AMDEP_FALSE='#'
AMDEP_TRUE=''
AMTAR='$${TAR-tar}'
AMTJTAGACCEL_FALSE=''
AMTJTAGACCEL_TRUE='#'
AM_BACKSLASH='\'
AM_DEFAULT_V='$(AM_DEFAULT_VERBOSITY)'
AM_DEFAULT_VERBOSITY='1'
AM_V='$(V)'
AR='ar'
ARMJTAGEW_FALSE='#'
ARMJTAGEW_TRUE=''
AT91RM9200_FALSE=''
AT91RM9200_TRUE='#'
AUTOCONF='${SHELL} '\''/Users/neuberfran/riscv-openocd-wch/build-aux/missing'\'' autoconf'
AUTOHEADER='${SHELL} '\''/Users/neuberfran/riscv-openocd-wch/build-aux/missing'\'' autoheader'
AUTOMAKE='${SHELL} '\''/Users/neuberfran/riscv-openocd-wch/build-aux/missing'\'' automake-1.16'
AWK='gawk'
BCM2835GPIO_FALSE=''
BCM2835GPIO_TRUE='#'
BITBANG_FALSE='#'
BITBANG_TRUE=''
BITQ_FALSE=''
BITQ_TRUE='#'
BUSPIRATE_FALSE='#'
BUSPIRATE_TRUE=''
CAPSTONE_CFLAGS=''
CAPSTONE_LIBS=''
CC='gcc'
CCDEPMODE='depmode=gcc3'
CFLAGS='-Wno-error'
CMSIS_DAP_HID_FALSE='#'
CMSIS_DAP_HID_TRUE=''
CMSIS_DAP_USB_FALSE='#'
CMSIS_DAP_USB_TRUE=''
CPP='gcc -E'
CPPFLAGS=''
CSCOPE='cscope'
CTAGS='ctags'
CYGPATH_W='echo'
DEFS='-DHAVE_CONFIG_H'
DEPDIR='.deps'
DLLTOOL='false'
DSYMUTIL='dsymutil'
DUMMY_FALSE=''
DUMMY_TRUE='#'
DUMPBIN=''
ECHO_C='\c'
ECHO_N=''
ECHO_T=''
EGREP='/usr/bin/grep -E'
EP93XX_FALSE=''
EP93XX_TRUE='#'
ETAGS='etags'
EXEEXT=''
EXTRA_DIST_NEWS='./NEWS-0.10.0 ./NEWS-0.11.0 ./NEWS-0.2.0 ./NEWS-0.3.0 ./NEWS-0.4.0 ./NEWS-0.5.0 ./NEWS-0.6.0 ./NEWS-0.7.0 ./NEWS-0.8.0 ./NEWS-0.9.0'
FGREP='/usr/bin/grep -F'
FILECMD='file'
FT232R_FALSE='#'
FT232R_TRUE=''
FTDI_FALSE='#'
FTDI_OSCAN1_FALSE='#'
FTDI_OSCAN1_TRUE=''
FTDI_TRUE=''
GCC_WARNINGS='-Wall -Wstrict-prototypes -Wformat-security -Wshadow -Wextra -Wno-unused-parameter -Wbad-function-cast -Wcast-align -Wredundant-decls -Wpointer-arith -Wundef -Wno-error=deprecated-declarations -Werror'
GIVEIO_FALSE=''
GIVEIO_TRUE='#'
GREP='/usr/bin/grep'
GW16012_FALSE=''
GW16012_TRUE='#'
HAVE_CAPSTONE_FALSE=''
HAVE_CAPSTONE_TRUE='#'
HIDAPI_CFLAGS='-I/usr/local/Cellar/hidapi/0.12.0/include/hidapi'
HIDAPI_LIBS='-L/usr/local/Cellar/hidapi/0.12.0/lib -lhidapi'
HLADAPTER_FALSE='#'
HLADAPTER_ICDI_FALSE='#'
HLADAPTER_ICDI_TRUE=''
HLADAPTER_NULINK_FALSE='#'
HLADAPTER_NULINK_TRUE=''
HLADAPTER_STLINK_FALSE='#'
HLADAPTER_STLINK_TRUE=''
HLADAPTER_TRUE=''
HOST_CPPFLAGS=''
IMX_GPIO_FALSE=''
IMX_GPIO_TRUE='#'
INSTALL_DATA='${INSTALL} -m 644'
INSTALL_PROGRAM='${INSTALL}'
INSTALL_SCRIPT='${INSTALL}'
INSTALL_STRIP_PROGRAM='$(install_sh) -c -s'
INTERNAL_JIMTCL_FALSE='#'
INTERNAL_JIMTCL_TRUE=''
INTERNAL_LIBJAYLINK_FALSE='#'
INTERNAL_LIBJAYLINK_TRUE=''
IS_CYGWIN_FALSE=''
IS_CYGWIN_TRUE='#'
IS_DARWIN_FALSE='#'
IS_DARWIN_TRUE=''
IS_MINGW_FALSE=''
IS_MINGW_TRUE='#'
IS_WIN32_FALSE=''
IS_WIN32_TRUE='#'
JLINK_FALSE='#'
JLINK_TRUE=''
JTAG_DPI_FALSE=''
JTAG_DPI_TRUE='#'
JTAG_VPI_FALSE=''
JTAG_VPI_TRUE='#'
KITPROG_FALSE='#'
KITPROG_TRUE=''
LD='/Library/Developer/CommandLineTools/usr/bin/ld'
LDFLAGS=''
LIBFTDI_CFLAGS=''
LIBFTDI_LIBS=''
LIBGPIOD_CFLAGS=''
LIBGPIOD_LIBS=''
LIBJAYLINK_CFLAGS=''
LIBJAYLINK_LIBS=''
LIBOBJS=''
LIBS=''
LIBTOOL='$(SHELL) $(top_builddir)/libtool'
LIBTOOL_DEPS='./build-aux//ltmain.sh'
LIBUSB1_CFLAGS='-isystem /usr/local/Cellar/libusb/1.0.26/include/libusb-1.0'
LIBUSB1_LIBS='-L/usr/local/Cellar/libusb/1.0.26/lib -lusb-1.0'
LINUXGPIOD_FALSE=''
LINUXGPIOD_TRUE='#'
LIPO='lipo'
LN_S='ln -s'
LTLIBOBJS=''
LT_SYS_LIBRARY_PATH=''
MAKEINFO='makeinfo'
MANIFEST_TOOL=':'
MKDIR_P='./build-aux/install-sh -c -d'
NM='/usr/bin/nm -B'
NMEDIT='nmedit'
OBJDUMP='objdump'
OBJEXT='o'
OPENDOUS_FALSE='#'
OPENDOUS_TRUE=''
OPENJTAG_FALSE=''
OPENJTAG_TRUE='#'
OSBDM_FALSE='#'
OSBDM_TRUE=''
OTOOL64=':'
OTOOL='otool'
PACKAGE='openocd'
PACKAGE_BUGREPORT='OpenOCD Mailing List <openocd-devel@lists.sourceforge.net>'
PACKAGE_NAME='openocd'
PACKAGE_STRING='openocd 0.11.0+dev'
PACKAGE_TARNAME='openocd'
PACKAGE_URL=''
PACKAGE_VERSION='0.11.0+dev'
PARPORT_FALSE=''
PARPORT_TRUE='#'
PATH_SEPARATOR=':'
PKG_CONFIG='/usr/local/bin/pkg-config'
PKG_CONFIG_LIBDIR=''
PKG_CONFIG_PATH=''
PRESTO_FALSE=''
PRESTO_TRUE='#'
RANLIB='ranlib'
RELEASE_FALSE=''
RELEASE_TRUE='#'
REMOTE_BITBANG_FALSE='#'
REMOTE_BITBANG_TRUE=''
RLINK_FALSE='#'
RLINK_TRUE=''
RSHIM_FALSE=''
RSHIM_TRUE='#'
SED='/usr/local/bin/gsed'
SET_MAKE=''
SHELL='/bin/sh'
STRIP='strip'
SYSFSGPIO_FALSE=''
SYSFSGPIO_TRUE='#'
ULINK_FALSE='#'
ULINK_TRUE=''
USBPROG_FALSE='#'
USBPROG_TRUE=''
USB_BLASTER_2_FALSE='#'
USB_BLASTER_2_TRUE=''
USB_BLASTER_DRIVER_FALSE='#'
USB_BLASTER_DRIVER_TRUE=''
USB_BLASTER_FALSE=''
USB_BLASTER_TRUE='#'
USE_HIDAPI_FALSE='#'
USE_HIDAPI_TRUE=''
USE_LIBFTDI_FALSE=''
USE_LIBFTDI_TRUE='#'
USE_LIBGPIOD_FALSE=''
USE_LIBGPIOD_TRUE='#'
USE_LIBJAYLINK_FALSE=''
USE_LIBJAYLINK_TRUE='#'
USE_LIBUSB1_FALSE='#'
USE_LIBUSB1_TRUE=''
VERSION='0.11.0+dev'
VSLLINK_FALSE='#'
VSLLINK_TRUE=''
WLINK_FALSE='#'
WLINK_TRUE=''
XDS110_FALSE='#'
XDS110_TRUE=''
XLNX_PCIE_XVC_FALSE=''
XLNX_PCIE_XVC_TRUE='#'
ac_ct_AR='ar'
ac_ct_CC='gcc'
ac_ct_DUMPBIN=''
am__EXEEXT_FALSE=''
am__EXEEXT_TRUE='#'
am__fastdepCC_FALSE='#'
am__fastdepCC_TRUE=''
am__include='include'
am__isrc=''
am__leading_dot='.'
am__nodep='_no'
am__quote=''
am__tar='$${TAR-tar} chof - "$$tardir"'
am__untar='$${TAR-tar} xf -'
bindir='${exec_prefix}/bin'
build='x86_64-apple-darwin20.2.0'
build_alias=''
build_cpu='x86_64'
build_os='darwin20.2.0'
build_vendor='apple'
datadir='${datarootdir}'
datarootdir='${prefix}/share'
docdir='${datarootdir}/doc/${PACKAGE_TARNAME}'
doxygen_as_html='yes'
doxygen_as_pdf='no'
dvidir='${docdir}'
exec_prefix='${prefix}'
host='x86_64-apple-darwin20.2.0'
host_alias=''
host_cpu='x86_64'
host_os='darwin20.2.0'
host_vendor='apple'
htmldir='${docdir}'
includedir='${prefix}/include'
infodir='${datarootdir}/info'
install_sh='${SHELL} /Users/neuberfran/riscv-openocd-wch/build-aux/install-sh'
libdir='${exec_prefix}/lib'
libexecdir='${exec_prefix}/libexec'
localedir='${datarootdir}/locale'
localstatedir='${prefix}/var'
mandir='${datarootdir}/man'
mkdir_p='$(MKDIR_P)'
oldincludedir='/usr/include'
pdfdir='${docdir}'
prefix='/usr/local'
program_transform_name='s,x,x,'
psdir='${docdir}'
runstatedir='${localstatedir}/run'
sbindir='${exec_prefix}/sbin'
sharedstatedir='${prefix}/com'
subdirs=' jimtcl src/jtag/drivers/libjaylink'
sysconfdir='${prefix}/etc'
target_alias=''

## ----------- ##
## confdefs.h. ##
## ----------- ##

/* confdefs.h */
#define PACKAGE_NAME "openocd"
#define PACKAGE_TARNAME "openocd"
#define PACKAGE_VERSION "0.11.0+dev"
#define PACKAGE_STRING "openocd 0.11.0+dev"
#define PACKAGE_BUGREPORT "OpenOCD Mailing List <openocd-devel@lists.sourceforge.net>"
#define PACKAGE_URL ""
#define PACKAGE "openocd"
#define VERSION "0.11.0+dev"
#define HAVE_STDIO_H 1
#define HAVE_STDLIB_H 1
#define HAVE_STRING_H 1
#define HAVE_INTTYPES_H 1
#define HAVE_STDINT_H 1
#define HAVE_STRINGS_H 1
#define HAVE_SYS_STAT_H 1
#define HAVE_SYS_TYPES_H 1
#define HAVE_UNISTD_H 1
#define STDC_HEADERS 1
#define HAVE_DLFCN_H 1
#define LT_OBJDIR ".libs/"
#define HAVE_UNSIGNED_LONG_LONG_INT 1
#define HAVE_LONG_LONG_INT 1
#define HAVE_SYS_SOCKET_H 1
#define HAVE_DIRENT_H 1
#define HAVE_FCNTL_H 1
#define HAVE_NETDB_H 1
#define HAVE_POLL_H 1
#define HAVE_PTHREAD_H 1
#define HAVE_STRINGS_H 1
#define HAVE_SYS_IOCTL_H 1
#define HAVE_SYS_PARAM_H 1
#define HAVE_SYS_SELECT_H 1
#define HAVE_SYS_STAT_H 1
#define HAVE_SYS_SYSCTL_H 1
#define HAVE_SYS_TIME_H 1
#define HAVE_SYS_TYPES_H 1
#define HAVE_UNISTD_H 1
#define HAVE_ARPA_INET_H 1
#define HAVE_IFADDRS_H 1
#define HAVE_NETINET_IN_H 1
#define HAVE_NETINET_TCP_H 1
#define HAVE_NET_IF_H 1
#define HAVE__BOOL 1
#define HAVE_STDBOOL_H 1
#define HAVE_STRNDUP 1
#define HAVE_STRNLEN 1
#define HAVE_GETTIMEOFDAY 1
#define HAVE_USLEEP 1
#define HAVE_VASPRINTF 1
#define HAVE_REALPATH 1
#define IS_CYGWIN 0
#define IS_MINGW 0
#define IS_WIN32 0
#define IS_DARWIN 1
#define BUILD_PARPORT 0
#define BUILD_RSHIM 0
#define BUILD_DUMMY 0
#define BUILD_EP93XX 0
#define BUILD_AT91RM9200 0
#define BUILD_BCM2835GPIO 0
#define BUILD_IMX_GPIO 0
#define PARPORT_USE_PPDEV 1
#define PARPORT_USE_GIVEIO 0
#define BUILD_JTAG_VPI 0
#define BUILD_WLINK 1
#define BUILD_JTAG_DPI 0
#define BUILD_AMTJTAGACCEL 0
#define BUILD_GW16012 0
#define BUILD_BUSPIRATE 1
#define BUILD_REMOTE_BITBANG 1
#define BUILD_SYSFSGPIO 0
#define BUILD_XLNX_PCIE_XVC 0
#define HAVE_LIBUSB1 1
#define HAVE_LIBUSB_GET_PORT_NUMBERS 1
#define HAVE_CAPSTONE 0
#define BUILD_FTDI 1
#define BUILD_FTDI_OSCAN1 1
#define BUILD_HLADAPTER_STLINK 1
#define BUILD_WLINK 1
#define BUILD_HLADAPTER_ICDI 1
#define BUILD_ULINK 1
#define BUILD_USB_BLASTER_2 1
#define BUILD_FT232R 1
#define BUILD_VSLLINK 1
#define BUILD_XDS110 1
#define BUILD_CMSIS_DAP_USB 1
#define BUILD_OSBDM 1
#define BUILD_OPENDOUS 1
#define BUILD_ARMJTAGEW 1
#define BUILD_RLINK 1
#define BUILD_USBPROG 1
#define BUILD_AICE 1
#define BUILD_CMSIS_DAP_HID 1
#define BUILD_HLADAPTER_NULINK 1
#define BUILD_KITPROG 1
#define BUILD_USB_BLASTER 0
#define BUILD_PRESTO 0
#define BUILD_OPENJTAG 0
#define BUILD_LINUXGPIOD 0
#define BUILD_JLINK 1
#define BUILD_HLADAPTER 1
#define NEED_ENVIRON_EXTERN 1
#define _GNU_SOURCE 1

configure: exit 0
